2018-06-07 13:08:19.119 [main] DEBUG com.epam.task3.reader.DataReader - Reading file
2018-06-07 13:08:19.123 [main] DEBUG com.epam.task3.reader.DataReader - File is read
2018-06-07 13:08:19.124 [main] DEBUG com.epam.task3.parserchain.TextParser - Parsing text.
2018-06-07 13:08:19.125 [main] DEBUG com.epam.task3.parserchain.ParagraphParser - Parsing paragraph.
2018-06-07 13:08:19.125 [main] DEBUG com.epam.task3.parserchain.SentenceParser - Parsing sentence.
2018-06-07 13:08:19.126 [main] DEBUG com.epam.task3.parserchain.TextParser - Parsing lexeme.
2018-06-07 13:08:19.126 [main] DEBUG com.epam.task3.parserchain.TextParser - Parsing lexeme.
2018-06-07 13:08:19.126 [main] DEBUG com.epam.task3.creator.TextLeafCreator - Creating character.
2018-06-07 13:08:19.127 [main] DEBUG com.epam.task3.creator.TextLeafCreator - Creating character.
2018-06-07 13:08:19.127 [main] DEBUG com.epam.task3.parserchain.TextParser - Parsing lexeme.
2018-06-07 13:08:19.128 [main] DEBUG com.epam.task3.creator.TextLeafCreator - Creating character.
2018-06-07 13:08:19.128 [main] DEBUG com.epam.task3.creator.TextLeafCreator - Creating character.
2018-06-07 13:08:19.128 [main] DEBUG com.epam.task3.creator.TextLeafCreator - Creating character.
2018-06-07 13:08:19.128 [main] DEBUG com.epam.task3.parserchain.TextParser - Parsing lexeme.
2018-06-07 13:08:19.128 [main] DEBUG com.epam.task3.creator.TextLeafCreator - Creating character.
2018-06-07 13:08:19.128 [main] DEBUG com.epam.task3.creator.TextLeafCreator - Creating character.
2018-06-07 13:08:19.128 [main] DEBUG com.epam.task3.creator.TextLeafCreator - Creating character.
2018-06-07 13:08:19.128 [main] DEBUG com.epam.task3.creator.TextLeafCreator - Creating character.
2018-06-07 13:08:19.129 [main] DEBUG com.epam.task3.creator.TextLeafCreator - Creating character.
2018-06-07 13:08:19.129 [main] DEBUG com.epam.task3.creator.TextLeafCreator - Creating character.
2018-06-07 13:08:19.129 [main] DEBUG com.epam.task3.creator.TextLeafCreator - Creating character.
2018-06-07 13:08:19.129 [main] DEBUG com.epam.task3.creator.TextLeafCreator - Creating character.
2018-06-07 13:08:19.129 [main] DEBUG com.epam.task3.parserchain.TextParser - Parsing lexeme.
2018-06-07 13:08:19.129 [main] DEBUG com.epam.task3.creator.TextLeafCreator - Creating character.
2018-06-07 13:08:19.129 [main] DEBUG com.epam.task3.parserchain.TextParser - Parsing lexeme.
2018-06-07 13:08:19.129 [main] DEBUG com.epam.task3.creator.TextLeafCreator - Creating character.
2018-06-07 13:08:19.129 [main] DEBUG com.epam.task3.creator.TextLeafCreator - Creating character.
2018-06-07 13:08:19.129 [main] DEBUG com.epam.task3.creator.TextLeafCreator - Creating character.
2018-06-07 13:08:19.129 [main] DEBUG com.epam.task3.parserchain.TextParser - Parsing lexeme.
2018-06-07 13:08:19.129 [main] DEBUG com.epam.task3.creator.TextLeafCreator - Creating character.
2018-06-07 13:08:19.130 [main] DEBUG com.epam.task3.creator.TextLeafCreator - Creating character.
2018-06-07 13:08:19.130 [main] DEBUG com.epam.task3.creator.TextLeafCreator - Creating character.
2018-06-07 13:08:19.130 [main] DEBUG com.epam.task3.creator.TextLeafCreator - Creating character.
2018-06-07 13:08:19.130 [main] DEBUG com.epam.task3.parserchain.TextParser - Parsing lexeme.
2018-06-07 13:08:19.130 [main] DEBUG com.epam.task3.creator.TextLeafCreator - Creating character.
2018-06-07 13:08:19.131 [main] DEBUG com.epam.task3.creator.TextLeafCreator - Creating character.
2018-06-07 13:08:19.131 [main] DEBUG com.epam.task3.creator.TextLeafCreator - Creating character.
2018-06-07 13:08:19.131 [main] DEBUG com.epam.task3.creator.TextLeafCreator - Creating character.
2018-06-07 13:08:19.131 [main] DEBUG com.epam.task3.creator.TextLeafCreator - Creating character.
2018-06-07 13:08:19.131 [main] DEBUG com.epam.task3.creator.TextLeafCreator - Creating character.
2018-06-07 13:08:19.131 [main] DEBUG com.epam.task3.parserchain.TextParser - Parsing lexeme.
2018-06-07 13:08:19.135 [main] DEBUG com.epam.task3.creator.TextLeafCreator - Creating character.
2018-06-07 13:08:19.135 [main] DEBUG com.epam.task3.creator.TextLeafCreator - Creating character.
2018-06-07 13:08:19.136 [main] DEBUG com.epam.task3.creator.TextLeafCreator - Creating character.
2018-06-07 13:08:19.136 [main] DEBUG com.epam.task3.creator.TextLeafCreator - Creating character.
2018-06-07 13:08:19.137 [main] DEBUG com.epam.task3.creator.TextLeafCreator - Creating character.
2018-06-07 13:08:19.137 [main] DEBUG com.epam.task3.creator.TextLeafCreator - Creating character.
2018-06-07 13:08:19.137 [main] DEBUG com.epam.task3.creator.TextLeafCreator - Creating character.
2018-06-07 13:08:19.138 [main] DEBUG com.epam.task3.creator.TextLeafCreator - Creating character.
2018-06-07 13:08:19.138 [main] DEBUG com.epam.task3.creator.TextLeafCreator - Creating character.
2018-06-07 13:08:19.138 [main] DEBUG com.epam.task3.creator.TextLeafCreator - Creating character.
2018-06-07 13:08:19.138 [main] DEBUG com.epam.task3.parserchain.TextParser - Parsing lexeme.
2018-06-07 13:08:19.138 [main] DEBUG com.epam.task3.creator.TextLeafCreator - Creating character.
2018-06-07 13:08:19.139 [main] DEBUG com.epam.task3.creator.TextLeafCreator - Creating character.
2018-06-07 13:08:19.139 [main] DEBUG com.epam.task3.creator.TextLeafCreator - Creating character.
2018-06-07 13:08:19.139 [main] DEBUG com.epam.task3.parserchain.TextParser - Parsing lexeme.
2018-06-07 13:08:19.139 [main] DEBUG com.epam.task3.creator.TextLeafCreator - Creating character.
2018-06-07 13:08:19.139 [main] DEBUG com.epam.task3.creator.TextLeafCreator - Creating character.
2018-06-07 13:08:19.139 [main] DEBUG com.epam.task3.creator.TextLeafCreator - Creating character.
2018-06-07 13:08:19.140 [main] DEBUG com.epam.task3.creator.TextLeafCreator - Creating character.
2018-06-07 13:08:19.140 [main] DEBUG com.epam.task3.parserchain.TextParser - Parsing lexeme.
2018-06-07 13:08:19.140 [main] DEBUG com.epam.task3.creator.TextLeafCreator - Creating character.
2018-06-07 13:08:19.140 [main] DEBUG com.epam.task3.creator.TextLeafCreator - Creating character.
2018-06-07 13:08:19.141 [main] DEBUG com.epam.task3.creator.TextLeafCreator - Creating character.
2018-06-07 13:08:19.141 [main] DEBUG com.epam.task3.parserchain.TextParser - Parsing lexeme.
2018-06-07 13:08:19.141 [main] DEBUG com.epam.task3.creator.TextLeafCreator - Creating character.
2018-06-07 13:08:19.142 [main] DEBUG com.epam.task3.creator.TextLeafCreator - Creating character.
2018-06-07 13:08:19.142 [main] DEBUG com.epam.task3.creator.TextLeafCreator - Creating character.
2018-06-07 13:08:19.142 [main] DEBUG com.epam.task3.creator.TextLeafCreator - Creating character.
2018-06-07 13:08:19.142 [main] DEBUG com.epam.task3.parserchain.TextParser - Parsing lexeme.
2018-06-07 13:08:19.142 [main] DEBUG com.epam.task3.creator.TextLeafCreator - Creating character.
2018-06-07 13:08:19.142 [main] DEBUG com.epam.task3.creator.TextLeafCreator - Creating character.
2018-06-07 13:08:19.142 [main] DEBUG com.epam.task3.creator.TextLeafCreator - Creating character.
2018-06-07 13:08:19.143 [main] DEBUG com.epam.task3.creator.TextLeafCreator - Creating character.
2018-06-07 13:08:19.144 [main] DEBUG com.epam.task3.interpreter.LogicalExpressionParser - Parsing logical expression 13<<2.
2018-06-07 13:08:19.147 [main] DEBUG com.epam.task3.interpreter.LogicalExpressionInterpreter - Calculating logical expression: [13, 2, <<]
2018-06-07 13:08:19.149 [main] DEBUG com.epam.task3.parserchain.TextParser - Parsing lexeme.
2018-06-07 13:08:19.150 [main] DEBUG com.epam.task3.creator.TextLeafCreator - Creating character.
2018-06-07 13:08:19.153 [main] DEBUG com.epam.task3.creator.TextLeafCreator - Creating character.
2018-06-07 13:08:19.153 [main] DEBUG com.epam.task3.parserchain.TextParser - Parsing lexeme.
2018-06-07 13:08:19.153 [main] DEBUG com.epam.task3.creator.TextLeafCreator - Creating character.
2018-06-07 13:08:19.153 [main] DEBUG com.epam.task3.creator.TextLeafCreator - Creating character.
2018-06-07 13:08:19.153 [main] DEBUG com.epam.task3.creator.TextLeafCreator - Creating character.
2018-06-07 13:08:19.154 [main] DEBUG com.epam.task3.creator.TextLeafCreator - Creating character.
2018-06-07 13:08:19.154 [main] DEBUG com.epam.task3.creator.TextLeafCreator - Creating character.
2018-06-07 13:08:19.155 [main] DEBUG com.epam.task3.creator.TextLeafCreator - Creating character.
2018-06-07 13:08:19.155 [main] DEBUG com.epam.task3.creator.TextLeafCreator - Creating character.
2018-06-07 13:08:19.156 [main] DEBUG com.epam.task3.creator.TextLeafCreator - Creating character.
2018-06-07 13:08:19.156 [main] DEBUG com.epam.task3.creator.TextLeafCreator - Creating character.
2018-06-07 13:08:19.156 [main] DEBUG com.epam.task3.creator.TextLeafCreator - Creating character.
2018-06-07 13:08:19.157 [main] DEBUG com.epam.task3.parserchain.TextParser - Parsing lexeme.
2018-06-07 13:08:19.157 [main] DEBUG com.epam.task3.creator.TextLeafCreator - Creating character.
2018-06-07 13:08:19.157 [main] DEBUG com.epam.task3.creator.TextLeafCreator - Creating character.
2018-06-07 13:08:19.157 [main] DEBUG com.epam.task3.creator.TextLeafCreator - Creating character.
2018-06-07 13:08:19.157 [main] DEBUG com.epam.task3.creator.TextLeafCreator - Creating character.
2018-06-07 13:08:19.157 [main] DEBUG com.epam.task3.creator.TextLeafCreator - Creating character.
2018-06-07 13:08:19.158 [main] DEBUG com.epam.task3.creator.TextLeafCreator - Creating character.
2018-06-07 13:08:19.158 [main] DEBUG com.epam.task3.creator.TextLeafCreator - Creating character.
2018-06-07 13:08:19.158 [main] DEBUG com.epam.task3.creator.TextLeafCreator - Creating character.
2018-06-07 13:08:19.158 [main] DEBUG com.epam.task3.creator.TextLeafCreator - Creating character.
2018-06-07 13:08:19.158 [main] DEBUG com.epam.task3.creator.TextLeafCreator - Creating character.
2018-06-07 13:08:19.159 [main] DEBUG com.epam.task3.creator.TextLeafCreator - Creating character.
2018-06-07 13:08:19.159 [main] DEBUG com.epam.task3.creator.TextLeafCreator - Creating character.
2018-06-07 13:08:19.159 [main] DEBUG com.epam.task3.parserchain.TextParser - Parsing lexeme.
2018-06-07 13:08:19.159 [main] DEBUG com.epam.task3.creator.TextLeafCreator - Creating character.
2018-06-07 13:08:19.159 [main] DEBUG com.epam.task3.creator.TextLeafCreator - Creating character.
2018-06-07 13:08:19.160 [main] DEBUG com.epam.task3.creator.TextLeafCreator - Creating character.
2018-06-07 13:08:19.160 [main] DEBUG com.epam.task3.creator.TextLeafCreator - Creating character.
2018-06-07 13:08:19.160 [main] DEBUG com.epam.task3.creator.TextLeafCreator - Creating character.
2018-06-07 13:08:19.160 [main] DEBUG com.epam.task3.creator.TextLeafCreator - Creating character.
2018-06-07 13:08:19.160 [main] DEBUG com.epam.task3.creator.TextLeafCreator - Creating character.
2018-06-07 13:08:19.160 [main] DEBUG com.epam.task3.creator.TextLeafCreator - Creating character.
2018-06-07 13:08:19.160 [main] DEBUG com.epam.task3.creator.TextLeafCreator - Creating character.
2018-06-07 13:08:19.160 [main] DEBUG com.epam.task3.interpreter.LogicalExpressionParser - Parsing logical expression 3>>5.
2018-06-07 13:08:19.161 [main] DEBUG com.epam.task3.interpreter.LogicalExpressionInterpreter - Calculating logical expression: [3, 5, >>]
2018-06-07 13:08:19.162 [main] DEBUG com.epam.task3.parserchain.TextParser - Parsing lexeme.
2018-06-07 13:08:19.162 [main] DEBUG com.epam.task3.creator.TextLeafCreator - Creating character.
2018-06-07 13:08:19.162 [main] DEBUG com.epam.task3.parserchain.TextParser - Parsing lexeme.
2018-06-07 13:08:19.162 [main] DEBUG com.epam.task3.creator.TextLeafCreator - Creating character.
2018-06-07 13:08:19.162 [main] DEBUG com.epam.task3.creator.TextLeafCreator - Creating character.
2018-06-07 13:08:19.163 [main] DEBUG com.epam.task3.creator.TextLeafCreator - Creating character.
2018-06-07 13:08:19.163 [main] DEBUG com.epam.task3.creator.TextLeafCreator - Creating character.
2018-06-07 13:08:19.163 [main] DEBUG com.epam.task3.creator.TextLeafCreator - Creating character.
2018-06-07 13:08:19.163 [main] DEBUG com.epam.task3.creator.TextLeafCreator - Creating character.
2018-06-07 13:08:19.163 [main] DEBUG com.epam.task3.creator.TextLeafCreator - Creating character.
2018-06-07 13:08:19.163 [main] DEBUG com.epam.task3.creator.TextLeafCreator - Creating character.
2018-06-07 13:08:19.163 [main] DEBUG com.epam.task3.creator.TextLeafCreator - Creating character.
2018-06-07 13:08:19.164 [main] DEBUG com.epam.task3.creator.TextLeafCreator - Creating character.
2018-06-07 13:08:19.164 [main] DEBUG com.epam.task3.creator.TextLeafCreator - Creating character.
2018-06-07 13:08:19.164 [main] DEBUG com.epam.task3.interpreter.LogicalExpressionParser - Parsing logical expression ~6&9|(3&4).
2018-06-07 13:08:19.166 [main] DEBUG com.epam.task3.interpreter.LogicalExpressionInterpreter - Calculating logical expression: [6, ~, 9, &, 3, 4, &, |]
2018-06-07 13:08:19.167 [main] DEBUG com.epam.task3.parserchain.TextParser - Parsing lexeme.
2018-06-07 13:08:19.167 [main] DEBUG com.epam.task3.creator.TextLeafCreator - Creating character.
2018-06-07 13:08:19.167 [main] DEBUG com.epam.task3.parserchain.TextParser - Parsing lexeme.
2018-06-07 13:08:19.168 [main] DEBUG com.epam.task3.creator.TextLeafCreator - Creating character.
2018-06-07 13:08:19.168 [main] DEBUG com.epam.task3.creator.TextLeafCreator - Creating character.
2018-06-07 13:08:19.168 [main] DEBUG com.epam.task3.creator.TextLeafCreator - Creating character.
2018-06-07 13:08:19.168 [main] DEBUG com.epam.task3.creator.TextLeafCreator - Creating character.
2018-06-07 13:08:19.168 [main] DEBUG com.epam.task3.creator.TextLeafCreator - Creating character.
2018-06-07 13:08:19.168 [main] DEBUG com.epam.task3.creator.TextLeafCreator - Creating character.
2018-06-07 13:08:19.169 [main] DEBUG com.epam.task3.creator.TextLeafCreator - Creating character.
2018-06-07 13:08:19.169 [main] DEBUG com.epam.task3.creator.TextLeafCreator - Creating character.
2018-06-07 13:08:19.169 [main] DEBUG com.epam.task3.creator.TextLeafCreator - Creating character.
2018-06-07 13:08:19.169 [main] DEBUG com.epam.task3.creator.TextLeafCreator - Creating character.
2018-06-07 13:08:19.169 [main] DEBUG com.epam.task3.parserchain.SentenceParser - Parsing sentence.
2018-06-07 13:08:19.169 [main] DEBUG com.epam.task3.parserchain.TextParser - Parsing lexeme.
2018-06-07 13:08:19.170 [main] DEBUG com.epam.task3.creator.TextLeafCreator - Creating character.
2018-06-07 13:08:19.170 [main] DEBUG com.epam.task3.creator.TextLeafCreator - Creating character.
2018-06-07 13:08:19.170 [main] DEBUG com.epam.task3.parserchain.TextParser - Parsing lexeme.
2018-06-07 13:08:19.170 [main] DEBUG com.epam.task3.creator.TextLeafCreator - Creating character.
2018-06-07 13:08:19.170 [main] DEBUG com.epam.task3.creator.TextLeafCreator - Creating character.
2018-06-07 13:08:19.170 [main] DEBUG com.epam.task3.creator.TextLeafCreator - Creating character.
2018-06-07 13:08:19.170 [main] DEBUG com.epam.task3.parserchain.TextParser - Parsing lexeme.
2018-06-07 13:08:19.171 [main] DEBUG com.epam.task3.creator.TextLeafCreator - Creating character.
2018-06-07 13:08:19.171 [main] DEBUG com.epam.task3.creator.TextLeafCreator - Creating character.
2018-06-07 13:08:19.171 [main] DEBUG com.epam.task3.creator.TextLeafCreator - Creating character.
2018-06-07 13:08:19.171 [main] DEBUG com.epam.task3.creator.TextLeafCreator - Creating character.
2018-06-07 13:08:19.171 [main] DEBUG com.epam.task3.creator.TextLeafCreator - Creating character.
2018-06-07 13:08:19.171 [main] DEBUG com.epam.task3.creator.TextLeafCreator - Creating character.
2018-06-07 13:08:19.172 [main] DEBUG com.epam.task3.creator.TextLeafCreator - Creating character.
2018-06-07 13:08:19.172 [main] DEBUG com.epam.task3.creator.TextLeafCreator - Creating character.
2018-06-07 13:08:19.172 [main] DEBUG com.epam.task3.creator.TextLeafCreator - Creating character.
2018-06-07 13:08:19.172 [main] DEBUG com.epam.task3.creator.TextLeafCreator - Creating character.
2018-06-07 13:08:19.172 [main] DEBUG com.epam.task3.creator.TextLeafCreator - Creating character.
2018-06-07 13:08:19.172 [main] DEBUG com.epam.task3.parserchain.TextParser - Parsing lexeme.
2018-06-07 13:08:19.173 [main] DEBUG com.epam.task3.creator.TextLeafCreator - Creating character.
2018-06-07 13:08:19.173 [main] DEBUG com.epam.task3.creator.TextLeafCreator - Creating character.
2018-06-07 13:08:19.173 [main] DEBUG com.epam.task3.parserchain.TextParser - Parsing lexeme.
2018-06-07 13:08:19.173 [main] DEBUG com.epam.task3.creator.TextLeafCreator - Creating character.
2018-06-07 13:08:19.173 [main] DEBUG com.epam.task3.creator.TextLeafCreator - Creating character.
2018-06-07 13:08:19.173 [main] DEBUG com.epam.task3.creator.TextLeafCreator - Creating character.
2018-06-07 13:08:19.173 [main] DEBUG com.epam.task3.interpreter.LogicalExpressionParser - Parsing logical expression 5|(1&2&(3|(4&(6^5|6&47)|3)|2)|1).
2018-06-07 13:08:19.176 [main] DEBUG com.epam.task3.interpreter.LogicalExpressionInterpreter - Calculating logical expression: [5, 1, 2, &, 3, 4, 6, 5, ^, 6, 47, &, |, &, 3, |, |, 2, |, &, 1, |, |]
2018-06-07 13:08:19.177 [main] DEBUG com.epam.task3.parserchain.TextParser - Parsing lexeme.
2018-06-07 13:08:19.177 [main] DEBUG com.epam.task3.creator.TextLeafCreator - Creating character.
2018-06-07 13:08:19.177 [main] DEBUG com.epam.task3.parserchain.TextParser - Parsing lexeme.
2018-06-07 13:08:19.177 [main] DEBUG com.epam.task3.creator.TextLeafCreator - Creating character.
2018-06-07 13:08:19.177 [main] DEBUG com.epam.task3.creator.TextLeafCreator - Creating character.
2018-06-07 13:08:19.178 [main] DEBUG com.epam.task3.creator.TextLeafCreator - Creating character.
2018-06-07 13:08:19.178 [main] DEBUG com.epam.task3.creator.TextLeafCreator - Creating character.
2018-06-07 13:08:19.178 [main] DEBUG com.epam.task3.parserchain.TextParser - Parsing lexeme.
2018-06-07 13:08:19.178 [main] DEBUG com.epam.task3.creator.TextLeafCreator - Creating character.
2018-06-07 13:08:19.178 [main] DEBUG com.epam.task3.creator.TextLeafCreator - Creating character.
2018-06-07 13:08:19.178 [main] DEBUG com.epam.task3.creator.TextLeafCreator - Creating character.
2018-06-07 13:08:19.178 [main] DEBUG com.epam.task3.parserchain.TextParser - Parsing lexeme.
2018-06-07 13:08:19.178 [main] DEBUG com.epam.task3.creator.TextLeafCreator - Creating character.
2018-06-07 13:08:19.178 [main] DEBUG com.epam.task3.creator.TextLeafCreator - Creating character.
2018-06-07 13:08:19.179 [main] DEBUG com.epam.task3.creator.TextLeafCreator - Creating character.
2018-06-07 13:08:19.179 [main] DEBUG com.epam.task3.creator.TextLeafCreator - Creating character.
2018-06-07 13:08:19.179 [main] DEBUG com.epam.task3.creator.TextLeafCreator - Creating character.
2018-06-07 13:08:19.179 [main] DEBUG com.epam.task3.creator.TextLeafCreator - Creating character.
2018-06-07 13:08:19.179 [main] DEBUG com.epam.task3.creator.TextLeafCreator - Creating character.
2018-06-07 13:08:19.179 [main] DEBUG com.epam.task3.parserchain.TextParser - Parsing lexeme.
2018-06-07 13:08:19.179 [main] DEBUG com.epam.task3.creator.TextLeafCreator - Creating character.
2018-06-07 13:08:19.179 [main] DEBUG com.epam.task3.creator.TextLeafCreator - Creating character.
2018-06-07 13:08:19.180 [main] DEBUG com.epam.task3.parserchain.TextParser - Parsing lexeme.
2018-06-07 13:08:19.180 [main] DEBUG com.epam.task3.creator.TextLeafCreator - Creating character.
2018-06-07 13:08:19.180 [main] DEBUG com.epam.task3.creator.TextLeafCreator - Creating character.
2018-06-07 13:08:19.180 [main] DEBUG com.epam.task3.creator.TextLeafCreator - Creating character.
2018-06-07 13:08:19.180 [main] DEBUG com.epam.task3.creator.TextLeafCreator - Creating character.
2018-06-07 13:08:19.180 [main] DEBUG com.epam.task3.creator.TextLeafCreator - Creating character.
2018-06-07 13:08:19.181 [main] DEBUG com.epam.task3.creator.TextLeafCreator - Creating character.
2018-06-07 13:08:19.181 [main] DEBUG com.epam.task3.creator.TextLeafCreator - Creating character.
2018-06-07 13:08:19.181 [main] DEBUG com.epam.task3.creator.TextLeafCreator - Creating character.
2018-06-07 13:08:19.181 [main] DEBUG com.epam.task3.parserchain.TextParser - Parsing lexeme.
2018-06-07 13:08:19.181 [main] DEBUG com.epam.task3.creator.TextLeafCreator - Creating character.
2018-06-07 13:08:19.181 [main] DEBUG com.epam.task3.creator.TextLeafCreator - Creating character.
2018-06-07 13:08:19.181 [main] DEBUG com.epam.task3.creator.TextLeafCreator - Creating character.
2018-06-07 13:08:19.181 [main] DEBUG com.epam.task3.creator.TextLeafCreator - Creating character.
2018-06-07 13:08:19.182 [main] DEBUG com.epam.task3.creator.TextLeafCreator - Creating character.
2018-06-07 13:08:19.182 [main] DEBUG com.epam.task3.creator.TextLeafCreator - Creating character.
2018-06-07 13:08:19.182 [main] DEBUG com.epam.task3.parserchain.TextParser - Parsing lexeme.
2018-06-07 13:08:19.182 [main] DEBUG com.epam.task3.creator.TextLeafCreator - Creating character.
2018-06-07 13:08:19.182 [main] DEBUG com.epam.task3.creator.TextLeafCreator - Creating character.
2018-06-07 13:08:19.182 [main] DEBUG com.epam.task3.creator.TextLeafCreator - Creating character.
2018-06-07 13:08:19.182 [main] DEBUG com.epam.task3.creator.TextLeafCreator - Creating character.
2018-06-07 13:08:19.182 [main] DEBUG com.epam.task3.creator.TextLeafCreator - Creating character.
2018-06-07 13:08:19.182 [main] DEBUG com.epam.task3.creator.TextLeafCreator - Creating character.
2018-06-07 13:08:19.183 [main] DEBUG com.epam.task3.creator.TextLeafCreator - Creating character.
2018-06-07 13:08:19.183 [main] DEBUG com.epam.task3.creator.TextLeafCreator - Creating character.
2018-06-07 13:08:19.184 [main] DEBUG com.epam.task3.creator.TextLeafCreator - Creating character.
2018-06-07 13:08:19.184 [main] DEBUG com.epam.task3.creator.TextLeafCreator - Creating character.
2018-06-07 13:08:19.184 [main] DEBUG com.epam.task3.parserchain.TextParser - Parsing lexeme.
2018-06-07 13:08:19.184 [main] DEBUG com.epam.task3.creator.TextLeafCreator - Creating character.
2018-06-07 13:08:19.185 [main] DEBUG com.epam.task3.creator.TextLeafCreator - Creating character.
2018-06-07 13:08:19.185 [main] DEBUG com.epam.task3.creator.TextLeafCreator - Creating character.
2018-06-07 13:08:19.185 [main] DEBUG com.epam.task3.creator.TextLeafCreator - Creating character.
2018-06-07 13:08:19.185 [main] DEBUG com.epam.task3.creator.TextLeafCreator - Creating character.
2018-06-07 13:08:19.185 [main] DEBUG com.epam.task3.parserchain.TextParser - Parsing lexeme.
2018-06-07 13:08:19.185 [main] DEBUG com.epam.task3.creator.TextLeafCreator - Creating character.
2018-06-07 13:08:19.185 [main] DEBUG com.epam.task3.creator.TextLeafCreator - Creating character.
2018-06-07 13:08:19.186 [main] DEBUG com.epam.task3.creator.TextLeafCreator - Creating character.
2018-06-07 13:08:19.186 [main] DEBUG com.epam.task3.creator.TextLeafCreator - Creating character.
2018-06-07 13:08:19.186 [main] DEBUG com.epam.task3.creator.TextLeafCreator - Creating character.
2018-06-07 13:08:19.186 [main] DEBUG com.epam.task3.parserchain.TextParser - Parsing lexeme.
2018-06-07 13:08:19.186 [main] DEBUG com.epam.task3.creator.TextLeafCreator - Creating character.
2018-06-07 13:08:19.186 [main] DEBUG com.epam.task3.creator.TextLeafCreator - Creating character.
2018-06-07 13:08:19.186 [main] DEBUG com.epam.task3.creator.TextLeafCreator - Creating character.
2018-06-07 13:08:19.187 [main] DEBUG com.epam.task3.creator.TextLeafCreator - Creating character.
2018-06-07 13:08:19.187 [main] DEBUG com.epam.task3.creator.TextLeafCreator - Creating character.
2018-06-07 13:08:19.187 [main] DEBUG com.epam.task3.creator.TextLeafCreator - Creating character.
2018-06-07 13:08:19.187 [main] DEBUG com.epam.task3.creator.TextLeafCreator - Creating character.
2018-06-07 13:08:19.187 [main] DEBUG com.epam.task3.creator.TextLeafCreator - Creating character.
2018-06-07 13:08:19.187 [main] DEBUG com.epam.task3.creator.TextLeafCreator - Creating character.
2018-06-07 13:08:19.187 [main] DEBUG com.epam.task3.parserchain.TextParser - Parsing lexeme.
2018-06-07 13:08:19.187 [main] DEBUG com.epam.task3.creator.TextLeafCreator - Creating character.
2018-06-07 13:08:19.188 [main] DEBUG com.epam.task3.creator.TextLeafCreator - Creating character.
2018-06-07 13:08:19.188 [main] DEBUG com.epam.task3.creator.TextLeafCreator - Creating character.
2018-06-07 13:08:19.188 [main] DEBUG com.epam.task3.parserchain.TextParser - Parsing lexeme.
2018-06-07 13:08:19.188 [main] DEBUG com.epam.task3.creator.TextLeafCreator - Creating character.
2018-06-07 13:08:19.188 [main] DEBUG com.epam.task3.creator.TextLeafCreator - Creating character.
2018-06-07 13:08:19.188 [main] DEBUG com.epam.task3.creator.TextLeafCreator - Creating character.
2018-06-07 13:08:19.190 [main] DEBUG com.epam.task3.creator.TextLeafCreator - Creating character.
2018-06-07 13:08:19.190 [main] DEBUG com.epam.task3.parserchain.TextParser - Parsing lexeme.
2018-06-07 13:08:19.191 [main] DEBUG com.epam.task3.creator.TextLeafCreator - Creating character.
2018-06-07 13:08:19.191 [main] DEBUG com.epam.task3.creator.TextLeafCreator - Creating character.
2018-06-07 13:08:19.191 [main] DEBUG com.epam.task3.creator.TextLeafCreator - Creating character.
2018-06-07 13:08:19.192 [main] DEBUG com.epam.task3.creator.TextLeafCreator - Creating character.
2018-06-07 13:08:19.192 [main] DEBUG com.epam.task3.creator.TextLeafCreator - Creating character.
2018-06-07 13:08:19.192 [main] DEBUG com.epam.task3.creator.TextLeafCreator - Creating character.
2018-06-07 13:08:19.192 [main] DEBUG com.epam.task3.creator.TextLeafCreator - Creating character.
2018-06-07 13:08:19.193 [main] DEBUG com.epam.task3.creator.TextLeafCreator - Creating character.
2018-06-07 13:08:19.193 [main] DEBUG com.epam.task3.parserchain.TextParser - Parsing lexeme.
2018-06-07 13:08:19.193 [main] DEBUG com.epam.task3.creator.TextLeafCreator - Creating character.
2018-06-07 13:08:19.193 [main] DEBUG com.epam.task3.creator.TextLeafCreator - Creating character.
2018-06-07 13:08:19.193 [main] DEBUG com.epam.task3.creator.TextLeafCreator - Creating character.
2018-06-07 13:08:19.193 [main] DEBUG com.epam.task3.creator.TextLeafCreator - Creating character.
2018-06-07 13:08:19.193 [main] DEBUG com.epam.task3.parserchain.TextParser - Parsing lexeme.
2018-06-07 13:08:19.193 [main] DEBUG com.epam.task3.creator.TextLeafCreator - Creating character.
2018-06-07 13:08:19.193 [main] DEBUG com.epam.task3.creator.TextLeafCreator - Creating character.
2018-06-07 13:08:19.194 [main] DEBUG com.epam.task3.creator.TextLeafCreator - Creating character.
2018-06-07 13:08:19.194 [main] DEBUG com.epam.task3.creator.TextLeafCreator - Creating character.
2018-06-07 13:08:19.194 [main] DEBUG com.epam.task3.creator.TextLeafCreator - Creating character.
2018-06-07 13:08:19.194 [main] DEBUG com.epam.task3.creator.TextLeafCreator - Creating character.
2018-06-07 13:08:19.194 [main] DEBUG com.epam.task3.creator.TextLeafCreator - Creating character.
2018-06-07 13:08:19.194 [main] DEBUG com.epam.task3.parserchain.TextParser - Parsing lexeme.
2018-06-07 13:08:19.194 [main] DEBUG com.epam.task3.creator.TextLeafCreator - Creating character.
2018-06-07 13:08:19.194 [main] DEBUG com.epam.task3.creator.TextLeafCreator - Creating character.
2018-06-07 13:08:19.194 [main] DEBUG com.epam.task3.creator.TextLeafCreator - Creating character.
2018-06-07 13:08:19.194 [main] DEBUG com.epam.task3.creator.TextLeafCreator - Creating character.
2018-06-07 13:08:19.195 [main] DEBUG com.epam.task3.creator.TextLeafCreator - Creating character.
2018-06-07 13:08:19.195 [main] DEBUG com.epam.task3.creator.TextLeafCreator - Creating character.
2018-06-07 13:08:19.195 [main] DEBUG com.epam.task3.creator.TextLeafCreator - Creating character.
2018-06-07 13:08:19.195 [main] DEBUG com.epam.task3.creator.TextLeafCreator - Creating character.
2018-06-07 13:08:19.195 [main] DEBUG com.epam.task3.creator.TextLeafCreator - Creating character.
2018-06-07 13:08:19.195 [main] DEBUG com.epam.task3.creator.TextLeafCreator - Creating character.
2018-06-07 13:08:19.195 [main] DEBUG com.epam.task3.parserchain.TextParser - Parsing lexeme.
2018-06-07 13:08:19.195 [main] DEBUG com.epam.task3.creator.TextLeafCreator - Creating character.
2018-06-07 13:08:19.196 [main] DEBUG com.epam.task3.creator.TextLeafCreator - Creating character.
2018-06-07 13:08:19.196 [main] DEBUG com.epam.task3.creator.TextLeafCreator - Creating character.
2018-06-07 13:08:19.196 [main] DEBUG com.epam.task3.creator.TextLeafCreator - Creating character.
2018-06-07 13:08:19.196 [main] DEBUG com.epam.task3.creator.TextLeafCreator - Creating character.
2018-06-07 13:08:19.196 [main] DEBUG com.epam.task3.creator.TextLeafCreator - Creating character.
2018-06-07 13:08:19.196 [main] DEBUG com.epam.task3.creator.TextLeafCreator - Creating character.
2018-06-07 13:08:19.196 [main] DEBUG com.epam.task3.creator.TextLeafCreator - Creating character.
2018-06-07 13:08:19.196 [main] DEBUG com.epam.task3.parserchain.TextParser - Parsing lexeme.
2018-06-07 13:08:19.196 [main] DEBUG com.epam.task3.creator.TextLeafCreator - Creating character.
2018-06-07 13:08:19.197 [main] DEBUG com.epam.task3.creator.TextLeafCreator - Creating character.
2018-06-07 13:08:19.197 [main] DEBUG com.epam.task3.creator.TextLeafCreator - Creating character.
2018-06-07 13:08:19.197 [main] DEBUG com.epam.task3.creator.TextLeafCreator - Creating character.
2018-06-07 13:08:19.197 [main] DEBUG com.epam.task3.parserchain.TextParser - Parsing lexeme.
2018-06-07 13:08:19.197 [main] DEBUG com.epam.task3.creator.TextLeafCreator - Creating character.
2018-06-07 13:08:19.197 [main] DEBUG com.epam.task3.creator.TextLeafCreator - Creating character.
2018-06-07 13:08:19.197 [main] DEBUG com.epam.task3.creator.TextLeafCreator - Creating character.
2018-06-07 13:08:19.197 [main] DEBUG com.epam.task3.creator.TextLeafCreator - Creating character.
2018-06-07 13:08:19.197 [main] DEBUG com.epam.task3.creator.TextLeafCreator - Creating character.
2018-06-07 13:08:19.197 [main] DEBUG com.epam.task3.parserchain.TextParser - Parsing lexeme.
2018-06-07 13:08:19.198 [main] DEBUG com.epam.task3.creator.TextLeafCreator - Creating character.
2018-06-07 13:08:19.198 [main] DEBUG com.epam.task3.creator.TextLeafCreator - Creating character.
2018-06-07 13:08:19.198 [main] DEBUG com.epam.task3.creator.TextLeafCreator - Creating character.
2018-06-07 13:08:19.198 [main] DEBUG com.epam.task3.creator.TextLeafCreator - Creating character.
2018-06-07 13:08:19.198 [main] DEBUG com.epam.task3.creator.TextLeafCreator - Creating character.
2018-06-07 13:08:19.198 [main] DEBUG com.epam.task3.creator.TextLeafCreator - Creating character.
2018-06-07 13:08:19.198 [main] DEBUG com.epam.task3.creator.TextLeafCreator - Creating character.
2018-06-07 13:08:19.199 [main] DEBUG com.epam.task3.creator.TextLeafCreator - Creating character.
2018-06-07 13:08:19.199 [main] DEBUG com.epam.task3.creator.TextLeafCreator - Creating character.
2018-06-07 13:08:19.199 [main] DEBUG com.epam.task3.parserchain.TextParser - Parsing lexeme.
2018-06-07 13:08:19.199 [main] DEBUG com.epam.task3.creator.TextLeafCreator - Creating character.
2018-06-07 13:08:19.199 [main] DEBUG com.epam.task3.creator.TextLeafCreator - Creating character.
2018-06-07 13:08:19.199 [main] DEBUG com.epam.task3.creator.TextLeafCreator - Creating character.
2018-06-07 13:08:19.200 [main] DEBUG com.epam.task3.creator.TextLeafCreator - Creating character.
2018-06-07 13:08:19.200 [main] DEBUG com.epam.task3.creator.TextLeafCreator - Creating character.
2018-06-07 13:08:19.200 [main] DEBUG com.epam.task3.creator.TextLeafCreator - Creating character.
2018-06-07 13:08:19.200 [main] DEBUG com.epam.task3.creator.TextLeafCreator - Creating character.
2018-06-07 13:08:19.200 [main] DEBUG com.epam.task3.creator.TextLeafCreator - Creating character.
2018-06-07 13:08:19.200 [main] DEBUG com.epam.task3.creator.TextLeafCreator - Creating character.
2018-06-07 13:08:19.200 [main] DEBUG com.epam.task3.parserchain.TextParser - Parsing lexeme.
2018-06-07 13:08:19.201 [main] DEBUG com.epam.task3.creator.TextLeafCreator - Creating character.
2018-06-07 13:08:19.201 [main] DEBUG com.epam.task3.creator.TextLeafCreator - Creating character.
2018-06-07 13:08:19.201 [main] DEBUG com.epam.task3.creator.TextLeafCreator - Creating character.
2018-06-07 13:08:19.201 [main] DEBUG com.epam.task3.creator.TextLeafCreator - Creating character.
2018-06-07 13:08:19.201 [main] DEBUG com.epam.task3.creator.TextLeafCreator - Creating character.
2018-06-07 13:08:19.201 [main] DEBUG com.epam.task3.creator.TextLeafCreator - Creating character.
2018-06-07 13:08:19.201 [main] DEBUG com.epam.task3.creator.TextLeafCreator - Creating character.
2018-06-07 13:08:19.201 [main] DEBUG com.epam.task3.creator.TextLeafCreator - Creating character.
2018-06-07 13:08:19.202 [main] DEBUG com.epam.task3.parserchain.TextParser - Parsing lexeme.
2018-06-07 13:08:19.202 [main] DEBUG com.epam.task3.creator.TextLeafCreator - Creating character.
2018-06-07 13:08:19.202 [main] DEBUG com.epam.task3.creator.TextLeafCreator - Creating character.
2018-06-07 13:08:19.202 [main] DEBUG com.epam.task3.parserchain.TextParser - Parsing lexeme.
2018-06-07 13:08:19.202 [main] DEBUG com.epam.task3.creator.TextLeafCreator - Creating character.
2018-06-07 13:08:19.202 [main] DEBUG com.epam.task3.creator.TextLeafCreator - Creating character.
2018-06-07 13:08:19.202 [main] DEBUG com.epam.task3.creator.TextLeafCreator - Creating character.
2018-06-07 13:08:19.202 [main] DEBUG com.epam.task3.creator.TextLeafCreator - Creating character.
2018-06-07 13:08:19.202 [main] DEBUG com.epam.task3.creator.TextLeafCreator - Creating character.
2018-06-07 13:08:19.202 [main] DEBUG com.epam.task3.parserchain.TextParser - Parsing lexeme.
2018-06-07 13:08:19.203 [main] DEBUG com.epam.task3.creator.TextLeafCreator - Creating character.
2018-06-07 13:08:19.203 [main] DEBUG com.epam.task3.creator.TextLeafCreator - Creating character.
2018-06-07 13:08:19.203 [main] DEBUG com.epam.task3.creator.TextLeafCreator - Creating character.
2018-06-07 13:08:19.203 [main] DEBUG com.epam.task3.creator.TextLeafCreator - Creating character.
2018-06-07 13:08:19.203 [main] DEBUG com.epam.task3.creator.TextLeafCreator - Creating character.
2018-06-07 13:08:19.203 [main] DEBUG com.epam.task3.creator.TextLeafCreator - Creating character.
2018-06-07 13:08:19.203 [main] DEBUG com.epam.task3.parserchain.ParagraphParser - Parsing paragraph.
2018-06-07 13:08:19.203 [main] DEBUG com.epam.task3.parserchain.SentenceParser - Parsing sentence.
2018-06-07 13:08:19.203 [main] DEBUG com.epam.task3.parserchain.TextParser - Parsing lexeme.
2018-06-07 13:08:19.204 [main] DEBUG com.epam.task3.parserchain.TextParser - Parsing lexeme.
2018-06-07 13:08:19.204 [main] DEBUG com.epam.task3.creator.TextLeafCreator - Creating character.
2018-06-07 13:08:19.204 [main] DEBUG com.epam.task3.creator.TextLeafCreator - Creating character.
2018-06-07 13:08:19.204 [main] DEBUG com.epam.task3.parserchain.TextParser - Parsing lexeme.
2018-06-07 13:08:19.205 [main] DEBUG com.epam.task3.creator.TextLeafCreator - Creating character.
2018-06-07 13:08:19.205 [main] DEBUG com.epam.task3.creator.TextLeafCreator - Creating character.
2018-06-07 13:08:19.205 [main] DEBUG com.epam.task3.parserchain.TextParser - Parsing lexeme.
2018-06-07 13:08:19.205 [main] DEBUG com.epam.task3.creator.TextLeafCreator - Creating character.
2018-06-07 13:08:19.206 [main] DEBUG com.epam.task3.parserchain.TextParser - Parsing lexeme.
2018-06-07 13:08:19.206 [main] DEBUG com.epam.task3.creator.TextLeafCreator - Creating character.
2018-06-07 13:08:19.206 [main] DEBUG com.epam.task3.creator.TextLeafCreator - Creating character.
2018-06-07 13:08:19.206 [main] DEBUG com.epam.task3.creator.TextLeafCreator - Creating character.
2018-06-07 13:08:19.207 [main] DEBUG com.epam.task3.creator.TextLeafCreator - Creating character.
2018-06-07 13:08:19.207 [main] DEBUG com.epam.task3.parserchain.TextParser - Parsing lexeme.
2018-06-07 13:08:19.207 [main] DEBUG com.epam.task3.creator.TextLeafCreator - Creating character.
2018-06-07 13:08:19.208 [main] DEBUG com.epam.task3.creator.TextLeafCreator - Creating character.
2018-06-07 13:08:19.208 [main] DEBUG com.epam.task3.creator.TextLeafCreator - Creating character.
2018-06-07 13:08:19.208 [main] DEBUG com.epam.task3.creator.TextLeafCreator - Creating character.
2018-06-07 13:08:19.208 [main] DEBUG com.epam.task3.creator.TextLeafCreator - Creating character.
2018-06-07 13:08:19.208 [main] DEBUG com.epam.task3.creator.TextLeafCreator - Creating character.
2018-06-07 13:08:19.208 [main] DEBUG com.epam.task3.creator.TextLeafCreator - Creating character.
2018-06-07 13:08:19.208 [main] DEBUG com.epam.task3.creator.TextLeafCreator - Creating character.
2018-06-07 13:08:19.208 [main] DEBUG com.epam.task3.creator.TextLeafCreator - Creating character.
2018-06-07 13:08:19.208 [main] DEBUG com.epam.task3.creator.TextLeafCreator - Creating character.
2018-06-07 13:08:19.209 [main] DEBUG com.epam.task3.creator.TextLeafCreator - Creating character.
2018-06-07 13:08:19.209 [main] DEBUG com.epam.task3.parserchain.TextParser - Parsing lexeme.
2018-06-07 13:08:19.209 [main] DEBUG com.epam.task3.creator.TextLeafCreator - Creating character.
2018-06-07 13:08:19.209 [main] DEBUG com.epam.task3.creator.TextLeafCreator - Creating character.
2018-06-07 13:08:19.209 [main] DEBUG com.epam.task3.creator.TextLeafCreator - Creating character.
2018-06-07 13:08:19.209 [main] DEBUG com.epam.task3.creator.TextLeafCreator - Creating character.
2018-06-07 13:08:19.210 [main] DEBUG com.epam.task3.parserchain.TextParser - Parsing lexeme.
2018-06-07 13:08:19.210 [main] DEBUG com.epam.task3.creator.TextLeafCreator - Creating character.
2018-06-07 13:08:19.210 [main] DEBUG com.epam.task3.creator.TextLeafCreator - Creating character.
2018-06-07 13:08:19.210 [main] DEBUG com.epam.task3.creator.TextLeafCreator - Creating character.
2018-06-07 13:08:19.210 [main] DEBUG com.epam.task3.creator.TextLeafCreator - Creating character.
2018-06-07 13:08:19.210 [main] DEBUG com.epam.task3.parserchain.TextParser - Parsing lexeme.
2018-06-07 13:08:19.210 [main] DEBUG com.epam.task3.creator.TextLeafCreator - Creating character.
2018-06-07 13:08:19.211 [main] DEBUG com.epam.task3.parserchain.TextParser - Parsing lexeme.
2018-06-07 13:08:19.211 [main] DEBUG com.epam.task3.creator.TextLeafCreator - Creating character.
2018-06-07 13:08:19.211 [main] DEBUG com.epam.task3.creator.TextLeafCreator - Creating character.
2018-06-07 13:08:19.211 [main] DEBUG com.epam.task3.creator.TextLeafCreator - Creating character.
2018-06-07 13:08:19.211 [main] DEBUG com.epam.task3.creator.TextLeafCreator - Creating character.
2018-06-07 13:08:19.211 [main] DEBUG com.epam.task3.creator.TextLeafCreator - Creating character.
2018-06-07 13:08:19.211 [main] DEBUG com.epam.task3.creator.TextLeafCreator - Creating character.
2018-06-07 13:08:19.212 [main] DEBUG com.epam.task3.parserchain.TextParser - Parsing lexeme.
2018-06-07 13:08:19.212 [main] DEBUG com.epam.task3.creator.TextLeafCreator - Creating character.
2018-06-07 13:08:19.212 [main] DEBUG com.epam.task3.creator.TextLeafCreator - Creating character.
2018-06-07 13:08:19.212 [main] DEBUG com.epam.task3.creator.TextLeafCreator - Creating character.
2018-06-07 13:08:19.212 [main] DEBUG com.epam.task3.creator.TextLeafCreator - Creating character.
2018-06-07 13:08:19.212 [main] DEBUG com.epam.task3.parserchain.TextParser - Parsing lexeme.
2018-06-07 13:08:19.212 [main] DEBUG com.epam.task3.creator.TextLeafCreator - Creating character.
2018-06-07 13:08:19.212 [main] DEBUG com.epam.task3.creator.TextLeafCreator - Creating character.
2018-06-07 13:08:19.212 [main] DEBUG com.epam.task3.parserchain.TextParser - Parsing lexeme.
2018-06-07 13:08:19.213 [main] DEBUG com.epam.task3.creator.TextLeafCreator - Creating character.
2018-06-07 13:08:19.213 [main] DEBUG com.epam.task3.creator.TextLeafCreator - Creating character.
2018-06-07 13:08:19.213 [main] DEBUG com.epam.task3.creator.TextLeafCreator - Creating character.
2018-06-07 13:08:19.213 [main] DEBUG com.epam.task3.creator.TextLeafCreator - Creating character.
2018-06-07 13:08:19.214 [main] DEBUG com.epam.task3.creator.TextLeafCreator - Creating character.
2018-06-07 13:08:19.214 [main] DEBUG com.epam.task3.creator.TextLeafCreator - Creating character.
2018-06-07 13:08:19.214 [main] DEBUG com.epam.task3.creator.TextLeafCreator - Creating character.
2018-06-07 13:08:19.214 [main] DEBUG com.epam.task3.creator.TextLeafCreator - Creating character.
2018-06-07 13:08:19.214 [main] DEBUG com.epam.task3.creator.TextLeafCreator - Creating character.
2018-06-07 13:08:19.214 [main] DEBUG com.epam.task3.creator.TextLeafCreator - Creating character.
2018-06-07 13:08:19.214 [main] DEBUG com.epam.task3.parserchain.TextParser - Parsing lexeme.
2018-06-07 13:08:19.214 [main] DEBUG com.epam.task3.creator.TextLeafCreator - Creating character.
2018-06-07 13:08:19.214 [main] DEBUG com.epam.task3.creator.TextLeafCreator - Creating character.
2018-06-07 13:08:19.214 [main] DEBUG com.epam.task3.parserchain.TextParser - Parsing lexeme.
2018-06-07 13:08:19.215 [main] DEBUG com.epam.task3.creator.TextLeafCreator - Creating character.
2018-06-07 13:08:19.215 [main] DEBUG com.epam.task3.creator.TextLeafCreator - Creating character.
2018-06-07 13:08:19.215 [main] DEBUG com.epam.task3.creator.TextLeafCreator - Creating character.
2018-06-07 13:08:19.215 [main] DEBUG com.epam.task3.parserchain.TextParser - Parsing lexeme.
2018-06-07 13:08:19.215 [main] DEBUG com.epam.task3.creator.TextLeafCreator - Creating character.
2018-06-07 13:08:19.216 [main] DEBUG com.epam.task3.creator.TextLeafCreator - Creating character.
2018-06-07 13:08:19.216 [main] DEBUG com.epam.task3.creator.TextLeafCreator - Creating character.
2018-06-07 13:08:19.216 [main] DEBUG com.epam.task3.creator.TextLeafCreator - Creating character.
2018-06-07 13:08:19.216 [main] DEBUG com.epam.task3.creator.TextLeafCreator - Creating character.
2018-06-07 13:08:19.216 [main] DEBUG com.epam.task3.creator.TextLeafCreator - Creating character.
2018-06-07 13:08:19.216 [main] DEBUG com.epam.task3.creator.TextLeafCreator - Creating character.
2018-06-07 13:08:19.216 [main] DEBUG com.epam.task3.creator.TextLeafCreator - Creating character.
2018-06-07 13:08:19.216 [main] DEBUG com.epam.task3.parserchain.TextParser - Parsing lexeme.
2018-06-07 13:08:19.216 [main] DEBUG com.epam.task3.creator.TextLeafCreator - Creating character.
2018-06-07 13:08:19.216 [main] DEBUG com.epam.task3.creator.TextLeafCreator - Creating character.
2018-06-07 13:08:19.221 [main] DEBUG com.epam.task3.creator.TextLeafCreator - Creating character.
2018-06-07 13:08:19.221 [main] DEBUG com.epam.task3.creator.TextLeafCreator - Creating character.
2018-06-07 13:08:19.221 [main] DEBUG com.epam.task3.creator.TextLeafCreator - Creating character.
2018-06-07 13:08:19.221 [main] DEBUG com.epam.task3.creator.TextLeafCreator - Creating character.
2018-06-07 13:08:19.221 [main] DEBUG com.epam.task3.creator.TextLeafCreator - Creating character.
2018-06-07 13:08:19.222 [main] DEBUG com.epam.task3.parserchain.TextParser - Parsing lexeme.
2018-06-07 13:08:19.222 [main] DEBUG com.epam.task3.creator.TextLeafCreator - Creating character.
2018-06-07 13:08:19.222 [main] DEBUG com.epam.task3.creator.TextLeafCreator - Creating character.
2018-06-07 13:08:19.222 [main] DEBUG com.epam.task3.parserchain.TextParser - Parsing lexeme.
2018-06-07 13:08:19.222 [main] DEBUG com.epam.task3.creator.TextLeafCreator - Creating character.
2018-06-07 13:08:19.222 [main] DEBUG com.epam.task3.parserchain.TextParser - Parsing lexeme.
2018-06-07 13:08:19.222 [main] DEBUG com.epam.task3.creator.TextLeafCreator - Creating character.
2018-06-07 13:08:19.222 [main] DEBUG com.epam.task3.creator.TextLeafCreator - Creating character.
2018-06-07 13:08:19.223 [main] DEBUG com.epam.task3.creator.TextLeafCreator - Creating character.
2018-06-07 13:08:19.223 [main] DEBUG com.epam.task3.creator.TextLeafCreator - Creating character.
2018-06-07 13:08:19.223 [main] DEBUG com.epam.task3.parserchain.TextParser - Parsing lexeme.
2018-06-07 13:08:19.223 [main] DEBUG com.epam.task3.creator.TextLeafCreator - Creating character.
2018-06-07 13:08:19.223 [main] DEBUG com.epam.task3.creator.TextLeafCreator - Creating character.
2018-06-07 13:08:19.223 [main] DEBUG com.epam.task3.creator.TextLeafCreator - Creating character.
2018-06-07 13:08:19.223 [main] DEBUG com.epam.task3.creator.TextLeafCreator - Creating character.
2018-06-07 13:08:19.224 [main] DEBUG com.epam.task3.parserchain.TextParser - Parsing lexeme.
2018-06-07 13:08:19.224 [main] DEBUG com.epam.task3.creator.TextLeafCreator - Creating character.
2018-06-07 13:08:19.224 [main] DEBUG com.epam.task3.creator.TextLeafCreator - Creating character.
2018-06-07 13:08:19.224 [main] DEBUG com.epam.task3.creator.TextLeafCreator - Creating character.
2018-06-07 13:08:19.224 [main] DEBUG com.epam.task3.creator.TextLeafCreator - Creating character.
2018-06-07 13:08:19.224 [main] DEBUG com.epam.task3.creator.TextLeafCreator - Creating character.
2018-06-07 13:08:19.224 [main] DEBUG com.epam.task3.creator.TextLeafCreator - Creating character.
2018-06-07 13:08:19.224 [main] DEBUG com.epam.task3.creator.TextLeafCreator - Creating character.
2018-06-07 13:08:19.225 [main] DEBUG com.epam.task3.parserchain.TextParser - Parsing lexeme.
2018-06-07 13:08:19.225 [main] DEBUG com.epam.task3.creator.TextLeafCreator - Creating character.
2018-06-07 13:08:19.225 [main] DEBUG com.epam.task3.creator.TextLeafCreator - Creating character.
2018-06-07 13:08:19.225 [main] DEBUG com.epam.task3.parserchain.TextParser - Parsing lexeme.
2018-06-07 13:08:19.225 [main] DEBUG com.epam.task3.creator.TextLeafCreator - Creating character.
2018-06-07 13:08:19.226 [main] DEBUG com.epam.task3.creator.TextLeafCreator - Creating character.
2018-06-07 13:08:19.226 [main] DEBUG com.epam.task3.creator.TextLeafCreator - Creating character.
2018-06-07 13:08:19.226 [main] DEBUG com.epam.task3.parserchain.TextParser - Parsing lexeme.
2018-06-07 13:08:19.226 [main] DEBUG com.epam.task3.creator.TextLeafCreator - Creating character.
2018-06-07 13:08:19.226 [main] DEBUG com.epam.task3.creator.TextLeafCreator - Creating character.
2018-06-07 13:08:19.226 [main] DEBUG com.epam.task3.creator.TextLeafCreator - Creating character.
2018-06-07 13:08:19.226 [main] DEBUG com.epam.task3.creator.TextLeafCreator - Creating character.
2018-06-07 13:08:19.226 [main] DEBUG com.epam.task3.creator.TextLeafCreator - Creating character.
2018-06-07 13:08:19.226 [main] DEBUG com.epam.task3.creator.TextLeafCreator - Creating character.
2018-06-07 13:08:19.227 [main] DEBUG com.epam.task3.creator.TextLeafCreator - Creating character.
2018-06-07 13:08:19.227 [main] DEBUG com.epam.task3.parserchain.SentenceParser - Parsing sentence.
2018-06-07 13:08:19.227 [main] DEBUG com.epam.task3.parserchain.TextParser - Parsing lexeme.
2018-06-07 13:08:19.227 [main] DEBUG com.epam.task3.creator.TextLeafCreator - Creating character.
2018-06-07 13:08:19.227 [main] DEBUG com.epam.task3.creator.TextLeafCreator - Creating character.
2018-06-07 13:08:19.227 [main] DEBUG com.epam.task3.creator.TextLeafCreator - Creating character.
2018-06-07 13:08:19.227 [main] DEBUG com.epam.task3.parserchain.TextParser - Parsing lexeme.
2018-06-07 13:08:19.227 [main] DEBUG com.epam.task3.creator.TextLeafCreator - Creating character.
2018-06-07 13:08:19.227 [main] DEBUG com.epam.task3.creator.TextLeafCreator - Creating character.
2018-06-07 13:08:19.228 [main] DEBUG com.epam.task3.creator.TextLeafCreator - Creating character.
2018-06-07 13:08:19.228 [main] DEBUG com.epam.task3.creator.TextLeafCreator - Creating character.
2018-06-07 13:08:19.228 [main] DEBUG com.epam.task3.creator.TextLeafCreator - Creating character.
2018-06-07 13:08:19.228 [main] DEBUG com.epam.task3.parserchain.TextParser - Parsing lexeme.
2018-06-07 13:08:19.228 [main] DEBUG com.epam.task3.creator.TextLeafCreator - Creating character.
2018-06-07 13:08:19.228 [main] DEBUG com.epam.task3.creator.TextLeafCreator - Creating character.
2018-06-07 13:08:19.230 [main] DEBUG com.epam.task3.parserchain.TextParser - Parsing lexeme.
2018-06-07 13:08:19.231 [main] DEBUG com.epam.task3.creator.TextLeafCreator - Creating character.
2018-06-07 13:08:19.231 [main] DEBUG com.epam.task3.creator.TextLeafCreator - Creating character.
2018-06-07 13:08:19.231 [main] DEBUG com.epam.task3.creator.TextLeafCreator - Creating character.
2018-06-07 13:08:19.231 [main] DEBUG com.epam.task3.creator.TextLeafCreator - Creating character.
2018-06-07 13:08:19.231 [main] DEBUG com.epam.task3.creator.TextLeafCreator - Creating character.
2018-06-07 13:08:19.231 [main] DEBUG com.epam.task3.interpreter.LogicalExpressionParser - Parsing logical expression (~71&(2&3|(3|(2&1>>2|2)&2)|10&2))|78.
2018-06-07 13:08:19.233 [main] DEBUG com.epam.task3.interpreter.LogicalExpressionInterpreter - Calculating logical expression: [71, ~, 2, 3, &, 3, 2, 1, 2, >>, &, 2, |, |, 2, &, |, 10, 2, &, |, &, 78, |]
2018-06-07 13:08:19.233 [main] DEBUG com.epam.task3.parserchain.TextParser - Parsing lexeme.
2018-06-07 13:08:19.234 [main] DEBUG com.epam.task3.creator.TextLeafCreator - Creating character.
2018-06-07 13:08:19.234 [main] DEBUG com.epam.task3.creator.TextLeafCreator - Creating character.
2018-06-07 13:08:19.234 [main] DEBUG com.epam.task3.parserchain.TextParser - Parsing lexeme.
2018-06-07 13:08:19.234 [main] DEBUG com.epam.task3.creator.TextLeafCreator - Creating character.
2018-06-07 13:08:19.234 [main] DEBUG com.epam.task3.creator.TextLeafCreator - Creating character.
2018-06-07 13:08:19.234 [main] DEBUG com.epam.task3.creator.TextLeafCreator - Creating character.
2018-06-07 13:08:19.234 [main] DEBUG com.epam.task3.creator.TextLeafCreator - Creating character.
2018-06-07 13:08:19.234 [main] DEBUG com.epam.task3.creator.TextLeafCreator - Creating character.
2018-06-07 13:08:19.236 [main] DEBUG com.epam.task3.parserchain.TextParser - Parsing lexeme.
2018-06-07 13:08:19.238 [main] DEBUG com.epam.task3.creator.TextLeafCreator - Creating character.
2018-06-07 13:08:19.238 [main] DEBUG com.epam.task3.creator.TextLeafCreator - Creating character.
2018-06-07 13:08:19.238 [main] DEBUG com.epam.task3.parserchain.TextParser - Parsing lexeme.
2018-06-07 13:08:19.238 [main] DEBUG com.epam.task3.creator.TextLeafCreator - Creating character.
2018-06-07 13:08:19.238 [main] DEBUG com.epam.task3.creator.TextLeafCreator - Creating character.
2018-06-07 13:08:19.238 [main] DEBUG com.epam.task3.creator.TextLeafCreator - Creating character.
2018-06-07 13:08:19.238 [main] DEBUG com.epam.task3.creator.TextLeafCreator - Creating character.
2018-06-07 13:08:19.239 [main] DEBUG com.epam.task3.parserchain.TextParser - Parsing lexeme.
2018-06-07 13:08:19.239 [main] DEBUG com.epam.task3.creator.TextLeafCreator - Creating character.
2018-06-07 13:08:19.239 [main] DEBUG com.epam.task3.creator.TextLeafCreator - Creating character.
2018-06-07 13:08:19.239 [main] DEBUG com.epam.task3.parserchain.TextParser - Parsing lexeme.
2018-06-07 13:08:19.239 [main] DEBUG com.epam.task3.creator.TextLeafCreator - Creating character.
2018-06-07 13:08:19.239 [main] DEBUG com.epam.task3.creator.TextLeafCreator - Creating character.
2018-06-07 13:08:19.239 [main] DEBUG com.epam.task3.creator.TextLeafCreator - Creating character.
2018-06-07 13:08:19.239 [main] DEBUG com.epam.task3.parserchain.TextParser - Parsing lexeme.
2018-06-07 13:08:19.239 [main] DEBUG com.epam.task3.creator.TextLeafCreator - Creating character.
2018-06-07 13:08:19.239 [main] DEBUG com.epam.task3.parserchain.TextParser - Parsing lexeme.
2018-06-07 13:08:19.240 [main] DEBUG com.epam.task3.creator.TextLeafCreator - Creating character.
2018-06-07 13:08:19.240 [main] DEBUG com.epam.task3.creator.TextLeafCreator - Creating character.
2018-06-07 13:08:19.240 [main] DEBUG com.epam.task3.creator.TextLeafCreator - Creating character.
2018-06-07 13:08:19.240 [main] DEBUG com.epam.task3.creator.TextLeafCreator - Creating character.
2018-06-07 13:08:19.240 [main] DEBUG com.epam.task3.creator.TextLeafCreator - Creating character.
2018-06-07 13:08:19.240 [main] DEBUG com.epam.task3.creator.TextLeafCreator - Creating character.
2018-06-07 13:08:19.240 [main] DEBUG com.epam.task3.creator.TextLeafCreator - Creating character.
2018-06-07 13:08:19.240 [main] DEBUG com.epam.task3.creator.TextLeafCreator - Creating character.
2018-06-07 13:08:19.240 [main] DEBUG com.epam.task3.creator.TextLeafCreator - Creating character.
2018-06-07 13:08:19.241 [main] DEBUG com.epam.task3.creator.TextLeafCreator - Creating character.
2018-06-07 13:08:19.241 [main] DEBUG com.epam.task3.creator.TextLeafCreator - Creating character.
2018-06-07 13:08:19.241 [main] DEBUG com.epam.task3.creator.TextLeafCreator - Creating character.
2018-06-07 13:08:19.241 [main] DEBUG com.epam.task3.parserchain.TextParser - Parsing lexeme.
2018-06-07 13:08:19.241 [main] DEBUG com.epam.task3.creator.TextLeafCreator - Creating character.
2018-06-07 13:08:19.242 [main] DEBUG com.epam.task3.creator.TextLeafCreator - Creating character.
2018-06-07 13:08:19.242 [main] DEBUG com.epam.task3.creator.TextLeafCreator - Creating character.
2018-06-07 13:08:19.242 [main] DEBUG com.epam.task3.creator.TextLeafCreator - Creating character.
2018-06-07 13:08:19.242 [main] DEBUG com.epam.task3.creator.TextLeafCreator - Creating character.
2018-06-07 13:08:19.242 [main] DEBUG com.epam.task3.creator.TextLeafCreator - Creating character.
2018-06-07 13:08:19.242 [main] DEBUG com.epam.task3.parserchain.TextParser - Parsing lexeme.
2018-06-07 13:08:19.242 [main] DEBUG com.epam.task3.creator.TextLeafCreator - Creating character.
2018-06-07 13:08:19.242 [main] DEBUG com.epam.task3.creator.TextLeafCreator - Creating character.
2018-06-07 13:08:19.242 [main] DEBUG com.epam.task3.creator.TextLeafCreator - Creating character.
2018-06-07 13:08:19.242 [main] DEBUG com.epam.task3.creator.TextLeafCreator - Creating character.
2018-06-07 13:08:19.243 [main] DEBUG com.epam.task3.creator.TextLeafCreator - Creating character.
2018-06-07 13:08:19.243 [main] DEBUG com.epam.task3.creator.TextLeafCreator - Creating character.
2018-06-07 13:08:19.243 [main] DEBUG com.epam.task3.creator.TextLeafCreator - Creating character.
2018-06-07 13:08:19.243 [main] DEBUG com.epam.task3.creator.TextLeafCreator - Creating character.
2018-06-07 13:08:19.243 [main] DEBUG com.epam.task3.creator.TextLeafCreator - Creating character.
2018-06-07 13:08:19.244 [main] DEBUG com.epam.task3.creator.TextLeafCreator - Creating character.
2018-06-07 13:08:19.244 [main] DEBUG com.epam.task3.creator.TextLeafCreator - Creating character.
2018-06-07 13:08:19.244 [main] DEBUG com.epam.task3.creator.TextLeafCreator - Creating character.
2018-06-07 13:08:19.244 [main] DEBUG com.epam.task3.parserchain.TextParser - Parsing lexeme.
2018-06-07 13:08:19.245 [main] DEBUG com.epam.task3.creator.TextLeafCreator - Creating character.
2018-06-07 13:08:19.245 [main] DEBUG com.epam.task3.creator.TextLeafCreator - Creating character.
2018-06-07 13:08:19.245 [main] DEBUG com.epam.task3.parserchain.TextParser - Parsing lexeme.
2018-06-07 13:08:19.245 [main] DEBUG com.epam.task3.creator.TextLeafCreator - Creating character.
2018-06-07 13:08:19.245 [main] DEBUG com.epam.task3.creator.TextLeafCreator - Creating character.
2018-06-07 13:08:19.245 [main] DEBUG com.epam.task3.creator.TextLeafCreator - Creating character.
2018-06-07 13:08:19.245 [main] DEBUG com.epam.task3.creator.TextLeafCreator - Creating character.
2018-06-07 13:08:19.245 [main] DEBUG com.epam.task3.creator.TextLeafCreator - Creating character.
2018-06-07 13:08:19.245 [main] DEBUG com.epam.task3.creator.TextLeafCreator - Creating character.
2018-06-07 13:08:19.245 [main] DEBUG com.epam.task3.creator.TextLeafCreator - Creating character.
2018-06-07 13:08:19.245 [main] DEBUG com.epam.task3.creator.TextLeafCreator - Creating character.
2018-06-07 13:08:19.245 [main] DEBUG com.epam.task3.parserchain.TextParser - Parsing lexeme.
2018-06-07 13:08:19.245 [main] DEBUG com.epam.task3.creator.TextLeafCreator - Creating character.
2018-06-07 13:08:19.245 [main] DEBUG com.epam.task3.creator.TextLeafCreator - Creating character.
2018-06-07 13:08:19.246 [main] DEBUG com.epam.task3.parserchain.TextParser - Parsing lexeme.
2018-06-07 13:08:19.246 [main] DEBUG com.epam.task3.creator.TextLeafCreator - Creating character.
2018-06-07 13:08:19.246 [main] DEBUG com.epam.task3.creator.TextLeafCreator - Creating character.
2018-06-07 13:08:19.246 [main] DEBUG com.epam.task3.creator.TextLeafCreator - Creating character.
2018-06-07 13:08:19.246 [main] DEBUG com.epam.task3.creator.TextLeafCreator - Creating character.
2018-06-07 13:08:19.246 [main] DEBUG com.epam.task3.creator.TextLeafCreator - Creating character.
2018-06-07 13:08:19.246 [main] DEBUG com.epam.task3.creator.TextLeafCreator - Creating character.
2018-06-07 13:08:19.246 [main] DEBUG com.epam.task3.creator.TextLeafCreator - Creating character.
2018-06-07 13:08:19.246 [main] DEBUG com.epam.task3.parserchain.TextParser - Parsing lexeme.
2018-06-07 13:08:19.246 [main] DEBUG com.epam.task3.creator.TextLeafCreator - Creating character.
2018-06-07 13:08:19.247 [main] DEBUG com.epam.task3.creator.TextLeafCreator - Creating character.
2018-06-07 13:08:19.247 [main] DEBUG com.epam.task3.parserchain.TextParser - Parsing lexeme.
2018-06-07 13:08:19.247 [main] DEBUG com.epam.task3.creator.TextLeafCreator - Creating character.
2018-06-07 13:08:19.247 [main] DEBUG com.epam.task3.creator.TextLeafCreator - Creating character.
2018-06-07 13:08:19.247 [main] DEBUG com.epam.task3.creator.TextLeafCreator - Creating character.
2018-06-07 13:08:19.247 [main] DEBUG com.epam.task3.creator.TextLeafCreator - Creating character.
2018-06-07 13:08:19.247 [main] DEBUG com.epam.task3.creator.TextLeafCreator - Creating character.
2018-06-07 13:08:19.247 [main] DEBUG com.epam.task3.parserchain.TextParser - Parsing lexeme.
2018-06-07 13:08:19.247 [main] DEBUG com.epam.task3.creator.TextLeafCreator - Creating character.
2018-06-07 13:08:19.247 [main] DEBUG com.epam.task3.creator.TextLeafCreator - Creating character.
2018-06-07 13:08:19.247 [main] DEBUG com.epam.task3.creator.TextLeafCreator - Creating character.
2018-06-07 13:08:19.247 [main] DEBUG com.epam.task3.creator.TextLeafCreator - Creating character.
2018-06-07 13:08:19.253 [main] DEBUG com.epam.task3.creator.TextLeafCreator - Creating character.
2018-06-07 13:08:19.253 [main] DEBUG com.epam.task3.creator.TextLeafCreator - Creating character.
2018-06-07 13:08:19.253 [main] DEBUG com.epam.task3.creator.TextLeafCreator - Creating character.
2018-06-07 13:08:19.253 [main] DEBUG com.epam.task3.creator.TextLeafCreator - Creating character.
2018-06-07 13:08:19.254 [main] DEBUG com.epam.task3.parserchain.TextParser - Parsing lexeme.
2018-06-07 13:08:19.254 [main] DEBUG com.epam.task3.creator.TextLeafCreator - Creating character.
2018-06-07 13:08:19.254 [main] DEBUG com.epam.task3.creator.TextLeafCreator - Creating character.
2018-06-07 13:08:19.254 [main] DEBUG com.epam.task3.creator.TextLeafCreator - Creating character.
2018-06-07 13:08:19.254 [main] DEBUG com.epam.task3.creator.TextLeafCreator - Creating character.
2018-06-07 13:08:19.254 [main] DEBUG com.epam.task3.creator.TextLeafCreator - Creating character.
2018-06-07 13:08:19.254 [main] DEBUG com.epam.task3.creator.TextLeafCreator - Creating character.
2018-06-07 13:08:19.254 [main] DEBUG com.epam.task3.parserchain.TextParser - Parsing lexeme.
2018-06-07 13:08:19.254 [main] DEBUG com.epam.task3.creator.TextLeafCreator - Creating character.
2018-06-07 13:08:19.255 [main] DEBUG com.epam.task3.creator.TextLeafCreator - Creating character.
2018-06-07 13:08:19.255 [main] DEBUG com.epam.task3.creator.TextLeafCreator - Creating character.
2018-06-07 13:08:19.255 [main] DEBUG com.epam.task3.creator.TextLeafCreator - Creating character.
2018-06-07 13:08:19.255 [main] DEBUG com.epam.task3.creator.TextLeafCreator - Creating character.
2018-06-07 13:08:19.255 [main] DEBUG com.epam.task3.creator.TextLeafCreator - Creating character.
2018-06-07 13:08:19.255 [main] DEBUG com.epam.task3.creator.TextLeafCreator - Creating character.
2018-06-07 13:08:19.255 [main] DEBUG com.epam.task3.parserchain.TextParser - Parsing lexeme.
2018-06-07 13:08:19.255 [main] DEBUG com.epam.task3.creator.TextLeafCreator - Creating character.
2018-06-07 13:08:19.256 [main] DEBUG com.epam.task3.creator.TextLeafCreator - Creating character.
2018-06-07 13:08:19.256 [main] DEBUG com.epam.task3.creator.TextLeafCreator - Creating character.
2018-06-07 13:08:19.256 [main] DEBUG com.epam.task3.creator.TextLeafCreator - Creating character.
2018-06-07 13:08:19.256 [main] DEBUG com.epam.task3.creator.TextLeafCreator - Creating character.
2018-06-07 13:08:19.256 [main] DEBUG com.epam.task3.creator.TextLeafCreator - Creating character.
2018-06-07 13:08:19.256 [main] DEBUG com.epam.task3.parserchain.TextParser - Parsing lexeme.
2018-06-07 13:08:19.256 [main] DEBUG com.epam.task3.creator.TextLeafCreator - Creating character.
2018-06-07 13:08:19.256 [main] DEBUG com.epam.task3.creator.TextLeafCreator - Creating character.
2018-06-07 13:08:19.256 [main] DEBUG com.epam.task3.creator.TextLeafCreator - Creating character.
2018-06-07 13:08:19.256 [main] DEBUG com.epam.task3.creator.TextLeafCreator - Creating character.
2018-06-07 13:08:19.256 [main] DEBUG com.epam.task3.creator.TextLeafCreator - Creating character.
2018-06-07 13:08:19.256 [main] DEBUG com.epam.task3.creator.TextLeafCreator - Creating character.
2018-06-07 13:08:19.257 [main] DEBUG com.epam.task3.parserchain.TextParser - Parsing lexeme.
2018-06-07 13:08:19.257 [main] DEBUG com.epam.task3.creator.TextLeafCreator - Creating character.
2018-06-07 13:08:19.257 [main] DEBUG com.epam.task3.creator.TextLeafCreator - Creating character.
2018-06-07 13:08:19.257 [main] DEBUG com.epam.task3.parserchain.TextParser - Parsing lexeme.
2018-06-07 13:08:19.257 [main] DEBUG com.epam.task3.creator.TextLeafCreator - Creating character.
2018-06-07 13:08:19.257 [main] DEBUG com.epam.task3.creator.TextLeafCreator - Creating character.
2018-06-07 13:08:19.257 [main] DEBUG com.epam.task3.creator.TextLeafCreator - Creating character.
2018-06-07 13:08:19.257 [main] DEBUG com.epam.task3.creator.TextLeafCreator - Creating character.
2018-06-07 13:08:19.257 [main] DEBUG com.epam.task3.parserchain.TextParser - Parsing lexeme.
2018-06-07 13:08:19.258 [main] DEBUG com.epam.task3.creator.TextLeafCreator - Creating character.
2018-06-07 13:08:19.258 [main] DEBUG com.epam.task3.creator.TextLeafCreator - Creating character.
2018-06-07 13:08:19.258 [main] DEBUG com.epam.task3.creator.TextLeafCreator - Creating character.
2018-06-07 13:08:19.258 [main] DEBUG com.epam.task3.creator.TextLeafCreator - Creating character.
2018-06-07 13:08:19.258 [main] DEBUG com.epam.task3.parserchain.TextParser - Parsing lexeme.
2018-06-07 13:08:19.258 [main] DEBUG com.epam.task3.creator.TextLeafCreator - Creating character.
2018-06-07 13:08:19.258 [main] DEBUG com.epam.task3.creator.TextLeafCreator - Creating character.
2018-06-07 13:08:19.258 [main] DEBUG com.epam.task3.creator.TextLeafCreator - Creating character.
2018-06-07 13:08:19.258 [main] DEBUG com.epam.task3.creator.TextLeafCreator - Creating character.
2018-06-07 13:08:19.258 [main] DEBUG com.epam.task3.creator.TextLeafCreator - Creating character.
2018-06-07 13:08:19.258 [main] DEBUG com.epam.task3.creator.TextLeafCreator - Creating character.
2018-06-07 13:08:19.258 [main] DEBUG com.epam.task3.creator.TextLeafCreator - Creating character.
2018-06-07 13:08:19.258 [main] DEBUG com.epam.task3.creator.TextLeafCreator - Creating character.
2018-06-07 13:08:19.258 [main] DEBUG com.epam.task3.parserchain.TextParser - Parsing lexeme.
2018-06-07 13:08:19.258 [main] DEBUG com.epam.task3.creator.TextLeafCreator - Creating character.
2018-06-07 13:08:19.258 [main] DEBUG com.epam.task3.creator.TextLeafCreator - Creating character.
2018-06-07 13:08:19.259 [main] DEBUG com.epam.task3.creator.TextLeafCreator - Creating character.
2018-06-07 13:08:19.260 [main] DEBUG com.epam.task3.creator.TextLeafCreator - Creating character.
2018-06-07 13:08:19.260 [main] DEBUG com.epam.task3.creator.TextLeafCreator - Creating character.
2018-06-07 13:08:19.261 [main] DEBUG com.epam.task3.creator.TextLeafCreator - Creating character.
2018-06-07 13:08:19.261 [main] DEBUG com.epam.task3.creator.TextLeafCreator - Creating character.
2018-06-07 13:08:19.261 [main] DEBUG com.epam.task3.creator.TextLeafCreator - Creating character.
2018-06-07 13:08:19.261 [main] DEBUG com.epam.task3.parserchain.ParagraphParser - Parsing paragraph.
2018-06-07 13:08:19.261 [main] DEBUG com.epam.task3.parserchain.SentenceParser - Parsing sentence.
2018-06-07 13:08:19.262 [main] DEBUG com.epam.task3.parserchain.TextParser - Parsing lexeme.
2018-06-07 13:08:19.262 [main] DEBUG com.epam.task3.parserchain.TextParser - Parsing lexeme.
2018-06-07 13:08:19.262 [main] DEBUG com.epam.task3.creator.TextLeafCreator - Creating character.
2018-06-07 13:08:19.262 [main] DEBUG com.epam.task3.creator.TextLeafCreator - Creating character.
2018-06-07 13:08:19.262 [main] DEBUG com.epam.task3.parserchain.TextParser - Parsing lexeme.
2018-06-07 13:08:19.262 [main] DEBUG com.epam.task3.creator.TextLeafCreator - Creating character.
2018-06-07 13:08:19.262 [main] DEBUG com.epam.task3.creator.TextLeafCreator - Creating character.
2018-06-07 13:08:19.262 [main] DEBUG com.epam.task3.parserchain.TextParser - Parsing lexeme.
2018-06-07 13:08:19.262 [main] DEBUG com.epam.task3.creator.TextLeafCreator - Creating character.
2018-06-07 13:08:19.263 [main] DEBUG com.epam.task3.interpreter.LogicalExpressionParser - Parsing logical expression (3^5|1&2<<(2|5>>2&71))|1200.
2018-06-07 13:08:19.264 [main] DEBUG com.epam.task3.interpreter.LogicalExpressionInterpreter - Calculating logical expression: [3, 5, ^, 1, 2, 2, 5, 2, >>, 71, &, |, <<, &, |, 1200, |]
2018-06-07 13:08:19.264 [main] DEBUG com.epam.task3.parserchain.TextParser - Parsing lexeme.
2018-06-07 13:08:19.264 [main] DEBUG com.epam.task3.creator.TextLeafCreator - Creating character.
2018-06-07 13:08:19.264 [main] DEBUG com.epam.task3.creator.TextLeafCreator - Creating character.
2018-06-07 13:08:19.264 [main] DEBUG com.epam.task3.creator.TextLeafCreator - Creating character.
2018-06-07 13:08:19.264 [main] DEBUG com.epam.task3.creator.TextLeafCreator - Creating character.
2018-06-07 13:08:19.264 [main] DEBUG com.epam.task3.parserchain.TextParser - Parsing lexeme.
2018-06-07 13:08:19.264 [main] DEBUG com.epam.task3.creator.TextLeafCreator - Creating character.
2018-06-07 13:08:19.264 [main] DEBUG com.epam.task3.creator.TextLeafCreator - Creating character.
2018-06-07 13:08:19.265 [main] DEBUG com.epam.task3.creator.TextLeafCreator - Creating character.
2018-06-07 13:08:19.265 [main] DEBUG com.epam.task3.creator.TextLeafCreator - Creating character.
2018-06-07 13:08:19.265 [main] DEBUG com.epam.task3.creator.TextLeafCreator - Creating character.
2018-06-07 13:08:19.265 [main] DEBUG com.epam.task3.creator.TextLeafCreator - Creating character.
2018-06-07 13:08:19.265 [main] DEBUG com.epam.task3.creator.TextLeafCreator - Creating character.
2018-06-07 13:08:19.265 [main] DEBUG com.epam.task3.creator.TextLeafCreator - Creating character.
2018-06-07 13:08:19.265 [main] DEBUG com.epam.task3.creator.TextLeafCreator - Creating character.
2018-06-07 13:08:19.265 [main] DEBUG com.epam.task3.creator.TextLeafCreator - Creating character.
2018-06-07 13:08:19.265 [main] DEBUG com.epam.task3.creator.TextLeafCreator - Creating character.
2018-06-07 13:08:19.266 [main] DEBUG com.epam.task3.parserchain.TextParser - Parsing lexeme.
2018-06-07 13:08:19.266 [main] DEBUG com.epam.task3.creator.TextLeafCreator - Creating character.
2018-06-07 13:08:19.266 [main] DEBUG com.epam.task3.creator.TextLeafCreator - Creating character.
2018-06-07 13:08:19.266 [main] DEBUG com.epam.task3.creator.TextLeafCreator - Creating character.
2018-06-07 13:08:19.266 [main] DEBUG com.epam.task3.creator.TextLeafCreator - Creating character.
2018-06-07 13:08:19.266 [main] DEBUG com.epam.task3.parserchain.TextParser - Parsing lexeme.
2018-06-07 13:08:19.266 [main] DEBUG com.epam.task3.creator.TextLeafCreator - Creating character.
2018-06-07 13:08:19.266 [main] DEBUG com.epam.task3.creator.TextLeafCreator - Creating character.
2018-06-07 13:08:19.266 [main] DEBUG com.epam.task3.creator.TextLeafCreator - Creating character.
2018-06-07 13:08:19.266 [main] DEBUG com.epam.task3.creator.TextLeafCreator - Creating character.
2018-06-07 13:08:19.266 [main] DEBUG com.epam.task3.parserchain.TextParser - Parsing lexeme.
2018-06-07 13:08:19.266 [main] DEBUG com.epam.task3.creator.TextLeafCreator - Creating character.
2018-06-07 13:08:19.266 [main] DEBUG com.epam.task3.parserchain.TextParser - Parsing lexeme.
2018-06-07 13:08:19.267 [main] DEBUG com.epam.task3.creator.TextLeafCreator - Creating character.
2018-06-07 13:08:19.267 [main] DEBUG com.epam.task3.creator.TextLeafCreator - Creating character.
2018-06-07 13:08:19.267 [main] DEBUG com.epam.task3.creator.TextLeafCreator - Creating character.
2018-06-07 13:08:19.267 [main] DEBUG com.epam.task3.creator.TextLeafCreator - Creating character.
2018-06-07 13:08:19.267 [main] DEBUG com.epam.task3.creator.TextLeafCreator - Creating character.
2018-06-07 13:08:19.267 [main] DEBUG com.epam.task3.creator.TextLeafCreator - Creating character.
2018-06-07 13:08:19.267 [main] DEBUG com.epam.task3.parserchain.TextParser - Parsing lexeme.
2018-06-07 13:08:19.267 [main] DEBUG com.epam.task3.creator.TextLeafCreator - Creating character.
2018-06-07 13:08:19.268 [main] DEBUG com.epam.task3.creator.TextLeafCreator - Creating character.
2018-06-07 13:08:19.268 [main] DEBUG com.epam.task3.creator.TextLeafCreator - Creating character.
2018-06-07 13:08:19.268 [main] DEBUG com.epam.task3.creator.TextLeafCreator - Creating character.
2018-06-07 13:08:19.268 [main] DEBUG com.epam.task3.parserchain.TextParser - Parsing lexeme.
2018-06-07 13:08:19.268 [main] DEBUG com.epam.task3.creator.TextLeafCreator - Creating character.
2018-06-07 13:08:19.268 [main] DEBUG com.epam.task3.creator.TextLeafCreator - Creating character.
2018-06-07 13:08:19.268 [main] DEBUG com.epam.task3.parserchain.TextParser - Parsing lexeme.
2018-06-07 13:08:19.268 [main] DEBUG com.epam.task3.creator.TextLeafCreator - Creating character.
2018-06-07 13:08:19.268 [main] DEBUG com.epam.task3.creator.TextLeafCreator - Creating character.
2018-06-07 13:08:19.268 [main] DEBUG com.epam.task3.parserchain.TextParser - Parsing lexeme.
2018-06-07 13:08:19.268 [main] DEBUG com.epam.task3.creator.TextLeafCreator - Creating character.
2018-06-07 13:08:19.268 [main] DEBUG com.epam.task3.parserchain.TextParser - Parsing lexeme.
2018-06-07 13:08:19.268 [main] DEBUG com.epam.task3.creator.TextLeafCreator - Creating character.
2018-06-07 13:08:19.268 [main] DEBUG com.epam.task3.creator.TextLeafCreator - Creating character.
2018-06-07 13:08:19.268 [main] DEBUG com.epam.task3.creator.TextLeafCreator - Creating character.
2018-06-07 13:08:19.268 [main] DEBUG com.epam.task3.creator.TextLeafCreator - Creating character.
2018-06-07 13:08:19.268 [main] DEBUG com.epam.task3.parserchain.TextParser - Parsing lexeme.
2018-06-07 13:08:19.269 [main] DEBUG com.epam.task3.creator.TextLeafCreator - Creating character.
2018-06-07 13:08:19.269 [main] DEBUG com.epam.task3.creator.TextLeafCreator - Creating character.
2018-06-07 13:08:19.269 [main] DEBUG com.epam.task3.creator.TextLeafCreator - Creating character.
2018-06-07 13:08:19.269 [main] DEBUG com.epam.task3.creator.TextLeafCreator - Creating character.
2018-06-07 13:08:19.269 [main] DEBUG com.epam.task3.parserchain.TextParser - Parsing lexeme.
2018-06-07 13:08:19.269 [main] DEBUG com.epam.task3.creator.TextLeafCreator - Creating character.
2018-06-07 13:08:19.269 [main] DEBUG com.epam.task3.creator.TextLeafCreator - Creating character.
2018-06-07 13:08:19.269 [main] DEBUG com.epam.task3.creator.TextLeafCreator - Creating character.
2018-06-07 13:08:19.269 [main] DEBUG com.epam.task3.creator.TextLeafCreator - Creating character.
2018-06-07 13:08:19.269 [main] DEBUG com.epam.task3.creator.TextLeafCreator - Creating character.
2018-06-07 13:08:19.269 [main] DEBUG com.epam.task3.creator.TextLeafCreator - Creating character.
2018-06-07 13:08:19.269 [main] DEBUG com.epam.task3.creator.TextLeafCreator - Creating character.
2018-06-07 13:08:19.269 [main] DEBUG com.epam.task3.parserchain.TextParser - Parsing lexeme.
2018-06-07 13:08:19.269 [main] DEBUG com.epam.task3.creator.TextLeafCreator - Creating character.
2018-06-07 13:08:19.269 [main] DEBUG com.epam.task3.creator.TextLeafCreator - Creating character.
2018-06-07 13:08:19.269 [main] DEBUG com.epam.task3.parserchain.TextParser - Parsing lexeme.
2018-06-07 13:08:19.270 [main] DEBUG com.epam.task3.creator.TextLeafCreator - Creating character.
2018-06-07 13:08:19.270 [main] DEBUG com.epam.task3.creator.TextLeafCreator - Creating character.
2018-06-07 13:08:19.270 [main] DEBUG com.epam.task3.creator.TextLeafCreator - Creating character.
2018-06-07 13:08:19.270 [main] DEBUG com.epam.task3.parserchain.TextParser - Parsing lexeme.
2018-06-07 13:08:19.270 [main] DEBUG com.epam.task3.creator.TextLeafCreator - Creating character.
2018-06-07 13:08:19.270 [main] DEBUG com.epam.task3.creator.TextLeafCreator - Creating character.
2018-06-07 13:08:19.270 [main] DEBUG com.epam.task3.creator.TextLeafCreator - Creating character.
2018-06-07 13:08:19.270 [main] DEBUG com.epam.task3.creator.TextLeafCreator - Creating character.
2018-06-07 13:08:19.270 [main] DEBUG com.epam.task3.creator.TextLeafCreator - Creating character.
2018-06-07 13:08:19.270 [main] DEBUG com.epam.task3.creator.TextLeafCreator - Creating character.
2018-06-07 13:08:19.270 [main] DEBUG com.epam.task3.creator.TextLeafCreator - Creating character.
2018-06-07 13:08:19.270 [main] DEBUG com.epam.task3.parserchain.ParagraphParser - Parsing paragraph.
2018-06-07 13:08:19.270 [main] DEBUG com.epam.task3.parserchain.SentenceParser - Parsing sentence.
2018-06-07 13:08:19.271 [main] DEBUG com.epam.task3.parserchain.TextParser - Parsing lexeme.
2018-06-07 13:08:19.271 [main] DEBUG com.epam.task3.parserchain.TextParser - Parsing lexeme.
2018-06-07 13:08:19.271 [main] DEBUG com.epam.task3.creator.TextLeafCreator - Creating character.
2018-06-07 13:08:19.271 [main] DEBUG com.epam.task3.creator.TextLeafCreator - Creating character.
2018-06-07 13:08:19.271 [main] DEBUG com.epam.task3.creator.TextLeafCreator - Creating character.
2018-06-07 13:08:19.271 [main] DEBUG com.epam.task3.creator.TextLeafCreator - Creating character.
2018-06-07 13:08:19.271 [main] DEBUG com.epam.task3.action.TextAction - Sorting sentences by lexeme length.
